<?xml version="1.0" encoding="UTF-8"?>
<!-- Generated by org.testng.reporters.JUnitReportReporter -->
<testsuite hostname="DESKTOP-1CJ3JMC" failures="0" tests="1" name="test.Amazontest0" time="14.011" errors="0" timestamp="2023-07-02T15:37:38 IST" skipped="0">
  <testcase classname="test.Amazontest0" name="amazon" time="14.011"/>
  <system-out/>
</testsuite> <!-- test.Amazontest0 -->
