<?xml version="1.0" encoding="UTF-8"?>
<!-- Generated by org.testng.reporters.JUnitReportReporter -->
<testsuite hostname="DESKTOP-1CJ3JMC" failures="0" tests="1" name="test.test1" time="0.896" errors="0" timestamp="2023-07-01T18:17:29 IST" skipped="0">
  <testcase classname="test.test1" name="urlLoading" time="0.896"/>
  <system-out/>
</testsuite> <!-- test.test1 -->
